2022-02-05 13:40:30.1718|0|DEBUG|CityInfo.API.Program|init main |url: |action: |
2022-02-05 13:40:31.8529|0|INFO|Microsoft.Hosting.Lifetime|Application started. Press Ctrl+C to shut down. |url: |action: |
2022-02-05 13:40:31.8529|0|INFO|Microsoft.Hosting.Lifetime|Hosting environment: Development |url: |action: |
2022-02-05 13:40:31.8529|0|INFO|Microsoft.Hosting.Lifetime|Content root path: C:\YUHECHEN\AspNetCore\CityInfo\CityInfo.API |url: |action: |
2022-02-05 13:40:46.0566|0|INFO|CityInfo.API.Controllers.PointOfInterestController|Test that we injected the logger Microsoft.Extensions.Logging.Logger`1[CityInfo.API.Controllers.PointOfInterestController] |url: http://localhost/api/cities/1/pointsofinterest|action: GetPointsOfInterest|
2022-02-05 13:59:04.9100|0|DEBUG|CityInfo.API.Program|init main |url: |action: |
2022-02-05 13:59:07.0568|0|INFO|Microsoft.Hosting.Lifetime|Application started. Press Ctrl+C to shut down. |url: |action: |
2022-02-05 13:59:07.0954|0|INFO|Microsoft.Hosting.Lifetime|Hosting environment: Development |url: |action: |
2022-02-05 13:59:07.0954|0|INFO|Microsoft.Hosting.Lifetime|Content root path: C:\YUHECHEN\AspNetCore\CityInfo\CityInfo.API |url: |action: |
2022-02-05 13:59:10.5393|0|INFO|CityInfo.API.Controllers.PointOfInterestController|Test that we injected the logger Microsoft.Extensions.Logging.Logger`1[CityInfo.API.Controllers.PointOfInterestController] |url: http://localhost/api/cities/1/pointsofinterest/1|action: GetPointOfInterest|
2022-02-05 13:59:16.1523|0|INFO|CityInfo.API.Controllers.PointOfInterestController|Test that we injected the logger Microsoft.Extensions.Logging.Logger`1[CityInfo.API.Controllers.PointOfInterestController] |url: http://localhost/api/cities/1/pointsofinterest/1|action: DeletePointOfInterest|
2022-02-05 14:00:17.0871|0|INFO|CityInfo.API.Controllers.PointOfInterestController|Point of interest Liberty Statue with id 1 was deleted. |url: http://localhost/api/cities/1/pointsofinterest/1|action: DeletePointOfInterest|
2022-02-05 15:16:25.8139|0|DEBUG|CityInfo.API.Program|init main |url: |action: |
2022-02-05 15:16:27.1727|0|INFO|Microsoft.Hosting.Lifetime|Application started. Press Ctrl+C to shut down. |url: |action: |
2022-02-05 15:16:27.1809|0|INFO|Microsoft.Hosting.Lifetime|Hosting environment: Development |url: |action: |
2022-02-05 15:16:27.1809|0|INFO|Microsoft.Hosting.Lifetime|Content root path: C:\YUHECHEN\AspNetCore\CityInfo\CityInfo.API |url: |action: |
2022-02-05 15:16:32.9661|0|INFO|CityInfo.API.Controllers.PointOfInterestController|Test that we injected the logger Microsoft.Extensions.Logging.Logger`1[CityInfo.API.Controllers.PointOfInterestController] |url: http://localhost/api/cities/1/pointsofinterest/1|action: GetPointOfInterest|
2022-02-05 15:16:38.7936|0|INFO|CityInfo.API.Controllers.PointOfInterestController|Test that we injected the logger Microsoft.Extensions.Logging.Logger`1[CityInfo.API.Controllers.PointOfInterestController] |url: http://localhost/api/cities/1/pointsofinterest/1|action: DeletePointOfInterest|
2022-02-05 15:17:01.8470|0|INFO|CityInfo.API.Controllers.PointOfInterestController|Point of interest Liberty Statue with id 1 was deleted. |url: http://localhost/api/cities/1/pointsofinterest/1|action: DeletePointOfInterest|
2022-02-05 15:17:05.2969|0|INFO|CityInfo.API.Controllers.PointOfInterestController|Test that we injected the logger Microsoft.Extensions.Logging.Logger`1[CityInfo.API.Controllers.PointOfInterestController] |url: http://localhost/api/cities/1/pointsofinterest/1|action: DeletePointOfInterest|
2022-02-05 15:18:45.7639|0|DEBUG|CityInfo.API.Program|init main |url: |action: |
2022-02-05 15:18:47.6294|0|INFO|Microsoft.Hosting.Lifetime|Application started. Press Ctrl+C to shut down. |url: |action: |
2022-02-05 15:18:47.6360|0|INFO|Microsoft.Hosting.Lifetime|Hosting environment: Development |url: |action: |
2022-02-05 15:18:47.6360|0|INFO|Microsoft.Hosting.Lifetime|Content root path: C:\YUHECHEN\AspNetCore\CityInfo\CityInfo.API |url: |action: |
2022-02-05 15:20:37.0580|0|DEBUG|CityInfo.API.Program|init main |url: |action: |
2022-02-05 15:20:38.3355|0|INFO|Microsoft.Hosting.Lifetime|Application started. Press Ctrl+C to shut down. |url: |action: |
2022-02-05 15:20:38.3355|0|INFO|Microsoft.Hosting.Lifetime|Hosting environment: Development |url: |action: |
2022-02-05 15:20:38.3355|0|INFO|Microsoft.Hosting.Lifetime|Content root path: C:\YUHECHEN\AspNetCore\CityInfo\CityInfo.API |url: |action: |
2022-02-05 15:21:21.1818|0|INFO|CityInfo.API.Controllers.PointOfInterestController|Test that we injected the logger Microsoft.Extensions.Logging.Logger`1[CityInfo.API.Controllers.PointOfInterestController] |url: http://localhost/api/cities/1/pointsofinterest/1|action: DeletePointOfInterest|
2022-02-05 15:21:22.9426|0|INFO|CityInfo.API.Controllers.PointOfInterestController|Point of interest Liberty Statue with id 1 was deleted. |url: http://localhost/api/cities/1/pointsofinterest/1|action: DeletePointOfInterest|
2022-02-05 19:02:52.5880|0|ERROR|Microsoft.EntityFrameworkCore.Database.Command|Failed executing DbCommand (3ms) [Parameters=[], CommandType='Text', CommandTimeout='30']
CREATE TABLE [Cities] (
    [Id] int NOT NULL IDENTITY,
    [Name] nvarchar(50) NOT NULL,
    [Description] nvarchar(200) NULL,
    CONSTRAINT [PK_Cities] PRIMARY KEY ([Id])
); |url: |action: |
2022-02-05 19:16:10.2077|0|DEBUG|CityInfo.API.Program|init main |url: |action: |
2022-02-05 19:16:28.8026|0|INFO|Microsoft.Hosting.Lifetime|Application started. Press Ctrl+C to shut down. |url: |action: |
2022-02-05 19:16:28.8390|0|INFO|Microsoft.Hosting.Lifetime|Hosting environment: Development |url: |action: |
2022-02-05 19:16:28.8390|0|INFO|Microsoft.Hosting.Lifetime|Content root path: C:\YUHECHEN\AspNetCore\CityInfo\CityInfo.API |url: |action: |
2022-02-05 19:16:42.5582|0|DEBUG|CityInfo.API.Program|init main |url: |action: |
2022-02-05 19:16:46.8274|0|INFO|Microsoft.Hosting.Lifetime|Application started. Press Ctrl+C to shut down. |url: |action: |
2022-02-05 19:16:46.8475|0|INFO|Microsoft.Hosting.Lifetime|Hosting environment: Development |url: |action: |
2022-02-05 19:16:46.8475|0|INFO|Microsoft.Hosting.Lifetime|Content root path: C:\YUHECHEN\AspNetCore\CityInfo\CityInfo.API |url: |action: |
2022-02-05 19:19:39.0132|0|DEBUG|CityInfo.API.Program|init main |url: |action: |
2022-02-05 19:19:44.8931|0|INFO|Microsoft.Hosting.Lifetime|Application started. Press Ctrl+C to shut down. |url: |action: |
2022-02-05 19:19:44.9149|0|INFO|Microsoft.Hosting.Lifetime|Hosting environment: Development |url: |action: |
2022-02-05 19:19:44.9149|0|INFO|Microsoft.Hosting.Lifetime|Content root path: C:\YUHECHEN\AspNetCore\CityInfo\CityInfo.API |url: |action: |
2022-02-05 19:28:06.4608|0|DEBUG|CityInfo.API.Program|init main |url: |action: |
2022-02-05 19:28:09.0489|0|ERROR|CityInfo.API.Program|An error occur while migrating the database. System.ArgumentException: Keyword not supported: '""server'.
   at Microsoft.Data.Common.DbConnectionOptions.ParseInternal(Dictionary`2 parsetable, String connectionString, Boolean buildChain, Dictionary`2 synonyms, Boolean firstKey)
   at Microsoft.Data.Common.DbConnectionOptions..ctor(String connectionString, Dictionary`2 synonyms)
   at Microsoft.Data.SqlClient.SqlConnectionString..ctor(String connectionString)
   at Microsoft.Data.SqlClient.SqlConnectionFactory.CreateConnectionOptions(String connectionString, DbConnectionOptions previous)
   at Microsoft.Data.ProviderBase.DbConnectionFactory.GetConnectionPoolGroup(DbConnectionPoolKey key, DbConnectionPoolGroupOptions poolOptions, DbConnectionOptions& userConnectionOptions)
   at Microsoft.Data.SqlClient.SqlConnection.ConnectionString_Set(DbConnectionPoolKey key)
   at Microsoft.Data.SqlClient.SqlConnection.set_ConnectionString(String value)
   at Microsoft.Data.SqlClient.SqlConnection..ctor(String connectionString)
   at Microsoft.EntityFrameworkCore.SqlServer.Storage.Internal.SqlServerConnection.CreateDbConnection()
   at Microsoft.EntityFrameworkCore.Storage.RelationalConnection.get_DbConnection()
   at Microsoft.EntityFrameworkCore.Diagnostics.RelationalLoggerExtensions.MigrateUsingConnection(IDiagnosticsLogger`1 diagnostics, IMigrator migrator, IRelationalConnection connection)
   at Microsoft.EntityFrameworkCore.Migrations.Internal.Migrator.Migrate(String targetMigration)
   at Microsoft.EntityFrameworkCore.RelationalDatabaseFacadeExtensions.Migrate(DatabaseFacade databaseFacade)
   at CityInfo.API.Program.Main(String[] args) in C:\YUHECHEN\AspNetCore\CityInfo\CityInfo.API\Program.cs:line 39|url: |action: |
2022-02-05 19:28:09.5425|0|INFO|Microsoft.Hosting.Lifetime|Application started. Press Ctrl+C to shut down. |url: |action: |
2022-02-05 19:28:09.5603|0|INFO|Microsoft.Hosting.Lifetime|Hosting environment: Development |url: |action: |
2022-02-05 19:28:09.5603|0|INFO|Microsoft.Hosting.Lifetime|Content root path: C:\YUHECHEN\AspNetCore\CityInfo\CityInfo.API |url: |action: |
2022-02-05 19:36:36.0260|0|DEBUG|CityInfo.API.Program|init main |url: |action: |
2022-02-05 19:37:38.5777|0|DEBUG|CityInfo.API.Program|init main |url: |action: |
2022-02-05 19:49:39.4946|0|DEBUG|CityInfo.API.Program|init main |url: |action: |
2022-02-05 19:51:04.5567|0|DEBUG|CityInfo.API.Program|init main |url: |action: |
2022-02-05 19:52:23.0526|0|ERROR|CityInfo.API.Program|An error occur while migrating the database. Microsoft.Data.SqlClient.SqlException (0x80131904): A network-related or instance-specific error occurred while establishing a connection to SQL Server. The server was not found or was not accessible. Verify that the instance name is correct and that SQL Server is configured to allow remote connections. (provider: SQL Network Interfaces, error: 50 - Local Database Runtime error occurred. Specified LocalDB instance name is invalid.
)
 ---> System.ComponentModel.Win32Exception (0x89C5011B): Unknown error (0x89c5011b)
   at Microsoft.Data.SqlClient.SqlInternalConnection.OnError(SqlException exception, Boolean breakConnection, Action`1 wrapCloseInAction)
   at Microsoft.Data.SqlClient.TdsParser.ThrowExceptionAndWarning(TdsParserStateObject stateObj, Boolean callerHasConnectionLock, Boolean asyncClose)
   at Microsoft.Data.SqlClient.TdsParser.Connect(ServerInfo serverInfo, SqlInternalConnectionTds connHandler, Boolean ignoreSniOpenTimeout, Int64 timerExpire, Boolean encrypt, Boolean trustServerCert, Boolean integratedSecurity, Boolean withFailover, SqlAuthenticationMethod authType, SqlAuthenticationProviderManager sqlAuthProviderManager)
   at Microsoft.Data.SqlClient.SqlInternalConnectionTds.AttemptOneLogin(ServerInfo serverInfo, String newPassword, SecureString newSecurePassword, Boolean ignoreSniOpenTimeout, TimeoutTimer timeout, Boolean withFailover)
   at Microsoft.Data.SqlClient.SqlInternalConnectionTds.LoginNoFailover(ServerInfo serverInfo, String newPassword, SecureString newSecurePassword, Boolean redirectedUserInstance, SqlConnectionString connectionOptions, SqlCredential credential, TimeoutTimer timeout)
   at Microsoft.Data.SqlClient.SqlInternalConnectionTds.OpenLoginEnlist(TimeoutTimer timeout, SqlConnectionString connectionOptions, SqlCredential credential, String newPassword, SecureString newSecurePassword, Boolean redirectedUserInstance)
   at Microsoft.Data.SqlClient.SqlInternalConnectionTds..ctor(DbConnectionPoolIdentity identity, SqlConnectionString connectionOptions, SqlCredential credential, Object providerInfo, String newPassword, SecureString newSecurePassword, Boolean redirectedUserInstance, SqlConnectionString userConnectionOptions, SessionData reconnectSessionData, Boolean applyTransientFaultHandling, String accessToken, DbConnectionPool pool, SqlAuthenticationProviderManager sqlAuthProviderManager)
   at Microsoft.Data.SqlClient.SqlConnectionFactory.CreateConnection(DbConnectionOptions options, DbConnectionPoolKey poolKey, Object poolGroupProviderInfo, DbConnectionPool pool, DbConnection owningConnection, DbConnectionOptions userOptions)
   at Microsoft.Data.ProviderBase.DbConnectionFactory.CreatePooledConnection(DbConnectionPool pool, DbConnection owningObject, DbConnectionOptions options, DbConnectionPoolKey poolKey, DbConnectionOptions userOptions)
   at Microsoft.Data.ProviderBase.DbConnectionPool.CreateObject(DbConnection owningObject, DbConnectionOptions userOptions, DbConnectionInternal oldConnection)
   at Microsoft.Data.ProviderBase.DbConnectionPool.UserCreateRequest(DbConnection owningObject, DbConnectionOptions userOptions, DbConnectionInternal oldConnection)
   at Microsoft.Data.ProviderBase.DbConnectionPool.TryGetConnection(DbConnection owningObject, UInt32 waitForMultipleObjectsTimeout, Boolean allowCreate, Boolean onlyOneCheckConnection, DbConnectionOptions userOptions, DbConnectionInternal& connection)
   at Microsoft.Data.ProviderBase.DbConnectionPool.TryGetConnection(DbConnection owningObject, TaskCompletionSource`1 retry, DbConnectionOptions userOptions, DbConnectionInternal& connection)
   at Microsoft.Data.ProviderBase.DbConnectionFactory.TryGetConnection(DbConnection owningConnection, TaskCompletionSource`1 retry, DbConnectionOptions userOptions, DbConnectionInternal oldConnection, DbConnectionInternal& connection)
   at Microsoft.Data.ProviderBase.DbConnectionInternal.TryOpenConnectionInternal(DbConnection outerConnection, DbConnectionFactory connectionFactory, TaskCompletionSource`1 retry, DbConnectionOptions userOptions)
   at Microsoft.Data.ProviderBase.DbConnectionClosed.TryOpenConnection(DbConnection outerConnection, DbConnectionFactory connectionFactory, TaskCompletionSource`1 retry, DbConnectionOptions userOptions)
   at Microsoft.Data.SqlClient.SqlConnection.TryOpen(TaskCompletionSource`1 retry)
   at Microsoft.Data.SqlClient.SqlConnection.Open()
   at Microsoft.EntityFrameworkCore.Storage.RelationalConnection.OpenDbConnection(Boolean errorsExpected)
   at Microsoft.EntityFrameworkCore.Storage.RelationalConnection.Open(Boolean errorsExpected)
   at Microsoft.EntityFrameworkCore.SqlServer.Storage.Internal.SqlServerDatabaseCreator.<>c__DisplayClass18_0.<Exists>b__0(DateTime giveUp)
   at Microsoft.EntityFrameworkCore.ExecutionStrategyExtensions.<>c__DisplayClass12_0`2.<Execute>b__0(DbContext c, TState s)
   at Microsoft.EntityFrameworkCore.SqlServer.Storage.Internal.SqlServerExecutionStrategy.Execute[TState,TResult](TState state, Func`3 operation, Func`3 verifySucceeded)
   at Microsoft.EntityFrameworkCore.ExecutionStrategyExtensions.Execute[TState,TResult](IExecutionStrategy strategy, TState state, Func`2 operation, Func`2 verifySucceeded)
   at Microsoft.EntityFrameworkCore.ExecutionStrategyExtensions.Execute[TState,TResult](IExecutionStrategy strategy, TState state, Func`2 operation)
   at Microsoft.EntityFrameworkCore.SqlServer.Storage.Internal.SqlServerDatabaseCreator.Exists(Boolean retryOnNotExists)
   at Microsoft.EntityFrameworkCore.SqlServer.Storage.Internal.SqlServerDatabaseCreator.Exists()
   at Microsoft.EntityFrameworkCore.Migrations.HistoryRepository.Exists()
   at Microsoft.EntityFrameworkCore.Migrations.Internal.Migrator.Migrate(String targetMigration)
   at Microsoft.EntityFrameworkCore.RelationalDatabaseFacadeExtensions.Migrate(DatabaseFacade databaseFacade)
   at CityInfo.API.Program.Main(String[] args) in C:\YUHECHEN\AspNetCore\CityInfo\CityInfo.API\Program.cs:line 39
ClientConnectionId:00000000-0000-0000-0000-000000000000
Error Number:-1983577829,State:0,Class:20|url: |action: |
2022-02-05 19:52:23.4508|0|INFO|Microsoft.Hosting.Lifetime|Application started. Press Ctrl+C to shut down. |url: |action: |
2022-02-05 19:52:23.4670|0|INFO|Microsoft.Hosting.Lifetime|Hosting environment: Development |url: |action: |
2022-02-05 19:52:23.4670|0|INFO|Microsoft.Hosting.Lifetime|Content root path: C:\YUHECHEN\AspNetCore\CityInfo\CityInfo.API |url: |action: |
2022-02-05 19:55:42.5779|0|DEBUG|CityInfo.API.Program|init main |url: |action: |
2022-02-05 19:56:01.9493|0|ERROR|CityInfo.API.Program|An error occur while migrating the database. Microsoft.Data.SqlClient.SqlException (0x80131904): A network-related or instance-specific error occurred while establishing a connection to SQL Server. The server was not found or was not accessible. Verify that the instance name is correct and that SQL Server is configured to allow remote connections. (provider: SQL Network Interfaces, error: 50 - Local Database Runtime error occurred. Specified LocalDB instance name is invalid.
)
 ---> System.ComponentModel.Win32Exception (0x89C5011B): Unknown error (0x89c5011b)
   at Microsoft.Data.SqlClient.SqlInternalConnection.OnError(SqlException exception, Boolean breakConnection, Action`1 wrapCloseInAction)
   at Microsoft.Data.SqlClient.TdsParser.ThrowExceptionAndWarning(TdsParserStateObject stateObj, Boolean callerHasConnectionLock, Boolean asyncClose)
   at Microsoft.Data.SqlClient.TdsParser.Connect(ServerInfo serverInfo, SqlInternalConnectionTds connHandler, Boolean ignoreSniOpenTimeout, Int64 timerExpire, Boolean encrypt, Boolean trustServerCert, Boolean integratedSecurity, Boolean withFailover, SqlAuthenticationMethod authType, SqlAuthenticationProviderManager sqlAuthProviderManager)
   at Microsoft.Data.SqlClient.SqlInternalConnectionTds.AttemptOneLogin(ServerInfo serverInfo, String newPassword, SecureString newSecurePassword, Boolean ignoreSniOpenTimeout, TimeoutTimer timeout, Boolean withFailover)
   at Microsoft.Data.SqlClient.SqlInternalConnectionTds.LoginNoFailover(ServerInfo serverInfo, String newPassword, SecureString newSecurePassword, Boolean redirectedUserInstance, SqlConnectionString connectionOptions, SqlCredential credential, TimeoutTimer timeout)
   at Microsoft.Data.SqlClient.SqlInternalConnectionTds.OpenLoginEnlist(TimeoutTimer timeout, SqlConnectionString connectionOptions, SqlCredential credential, String newPassword, SecureString newSecurePassword, Boolean redirectedUserInstance)
   at Microsoft.Data.SqlClient.SqlInternalConnectionTds..ctor(DbConnectionPoolIdentity identity, SqlConnectionString connectionOptions, SqlCredential credential, Object providerInfo, String newPassword, SecureString newSecurePassword, Boolean redirectedUserInstance, SqlConnectionString userConnectionOptions, SessionData reconnectSessionData, Boolean applyTransientFaultHandling, String accessToken, DbConnectionPool pool, SqlAuthenticationProviderManager sqlAuthProviderManager)
   at Microsoft.Data.SqlClient.SqlConnectionFactory.CreateConnection(DbConnectionOptions options, DbConnectionPoolKey poolKey, Object poolGroupProviderInfo, DbConnectionPool pool, DbConnection owningConnection, DbConnectionOptions userOptions)
   at Microsoft.Data.ProviderBase.DbConnectionFactory.CreatePooledConnection(DbConnectionPool pool, DbConnection owningObject, DbConnectionOptions options, DbConnectionPoolKey poolKey, DbConnectionOptions userOptions)
   at Microsoft.Data.ProviderBase.DbConnectionPool.CreateObject(DbConnection owningObject, DbConnectionOptions userOptions, DbConnectionInternal oldConnection)
   at Microsoft.Data.ProviderBase.DbConnectionPool.UserCreateRequest(DbConnection owningObject, DbConnectionOptions userOptions, DbConnectionInternal oldConnection)
   at Microsoft.Data.ProviderBase.DbConnectionPool.TryGetConnection(DbConnection owningObject, UInt32 waitForMultipleObjectsTimeout, Boolean allowCreate, Boolean onlyOneCheckConnection, DbConnectionOptions userOptions, DbConnectionInternal& connection)
   at Microsoft.Data.ProviderBase.DbConnectionPool.TryGetConnection(DbConnection owningObject, TaskCompletionSource`1 retry, DbConnectionOptions userOptions, DbConnectionInternal& connection)
   at Microsoft.Data.ProviderBase.DbConnectionFactory.TryGetConnection(DbConnection owningConnection, TaskCompletionSource`1 retry, DbConnectionOptions userOptions, DbConnectionInternal oldConnection, DbConnectionInternal& connection)
   at Microsoft.Data.ProviderBase.DbConnectionInternal.TryOpenConnectionInternal(DbConnection outerConnection, DbConnectionFactory connectionFactory, TaskCompletionSource`1 retry, DbConnectionOptions userOptions)
   at Microsoft.Data.ProviderBase.DbConnectionClosed.TryOpenConnection(DbConnection outerConnection, DbConnectionFactory connectionFactory, TaskCompletionSource`1 retry, DbConnectionOptions userOptions)
   at Microsoft.Data.SqlClient.SqlConnection.TryOpen(TaskCompletionSource`1 retry)
   at Microsoft.Data.SqlClient.SqlConnection.Open()
   at Microsoft.EntityFrameworkCore.Storage.RelationalConnection.OpenDbConnection(Boolean errorsExpected)
   at Microsoft.EntityFrameworkCore.Storage.RelationalConnection.Open(Boolean errorsExpected)
   at Microsoft.EntityFrameworkCore.SqlServer.Storage.Internal.SqlServerDatabaseCreator.<>c__DisplayClass18_0.<Exists>b__0(DateTime giveUp)
   at Microsoft.EntityFrameworkCore.ExecutionStrategyExtensions.<>c__DisplayClass12_0`2.<Execute>b__0(DbContext c, TState s)
   at Microsoft.EntityFrameworkCore.SqlServer.Storage.Internal.SqlServerExecutionStrategy.Execute[TState,TResult](TState state, Func`3 operation, Func`3 verifySucceeded)
   at Microsoft.EntityFrameworkCore.ExecutionStrategyExtensions.Execute[TState,TResult](IExecutionStrategy strategy, TState state, Func`2 operation, Func`2 verifySucceeded)
   at Microsoft.EntityFrameworkCore.ExecutionStrategyExtensions.Execute[TState,TResult](IExecutionStrategy strategy, TState state, Func`2 operation)
   at Microsoft.EntityFrameworkCore.SqlServer.Storage.Internal.SqlServerDatabaseCreator.Exists(Boolean retryOnNotExists)
   at Microsoft.EntityFrameworkCore.SqlServer.Storage.Internal.SqlServerDatabaseCreator.Exists()
   at Microsoft.EntityFrameworkCore.Migrations.HistoryRepository.Exists()
   at Microsoft.EntityFrameworkCore.Migrations.Internal.Migrator.Migrate(String targetMigration)
   at Microsoft.EntityFrameworkCore.RelationalDatabaseFacadeExtensions.Migrate(DatabaseFacade databaseFacade)
   at CityInfo.API.Program.Main(String[] args) in C:\YUHECHEN\AspNetCore\CityInfo\CityInfo.API\Program.cs:line 39
ClientConnectionId:00000000-0000-0000-0000-000000000000
Error Number:-1983577829,State:0,Class:20|url: |action: |
2022-02-05 19:56:02.1059|0|INFO|Microsoft.Hosting.Lifetime|Application started. Press Ctrl+C to shut down. |url: |action: |
2022-02-05 19:56:02.1059|0|INFO|Microsoft.Hosting.Lifetime|Hosting environment: Development |url: |action: |
2022-02-05 19:56:02.1059|0|INFO|Microsoft.Hosting.Lifetime|Content root path: C:\YUHECHEN\AspNetCore\CityInfo\CityInfo.API |url: |action: |
2022-02-05 19:57:47.8781|0|DEBUG|CityInfo.API.Program|init main |url: |action: |
2022-02-05 20:06:52.8080|0|DEBUG|CityInfo.API.Program|init main |url: |action: |
2022-02-05 20:07:54.9684|0|ERROR|CityInfo.API.Program|An error occur while migrating the database. Microsoft.Data.SqlClient.SqlException (0x80131904): A network-related or instance-specific error occurred while establishing a connection to SQL Server. The server was not found or was not accessible. Verify that the instance name is correct and that SQL Server is configured to allow remote connections. (provider: SQL Network Interfaces, error: 50 - Local Database Runtime error occurred. Specified LocalDB instance name is invalid.
)
 ---> System.ComponentModel.Win32Exception (0x89C5011B): Unknown error (0x89c5011b)
   at Microsoft.Data.SqlClient.SqlInternalConnection.OnError(SqlException exception, Boolean breakConnection, Action`1 wrapCloseInAction)
   at Microsoft.Data.SqlClient.TdsParser.ThrowExceptionAndWarning(TdsParserStateObject stateObj, Boolean callerHasConnectionLock, Boolean asyncClose)
   at Microsoft.Data.SqlClient.TdsParser.Connect(ServerInfo serverInfo, SqlInternalConnectionTds connHandler, Boolean ignoreSniOpenTimeout, Int64 timerExpire, Boolean encrypt, Boolean trustServerCert, Boolean integratedSecurity, Boolean withFailover, SqlAuthenticationMethod authType, SqlAuthenticationProviderManager sqlAuthProviderManager)
   at Microsoft.Data.SqlClient.SqlInternalConnectionTds.AttemptOneLogin(ServerInfo serverInfo, String newPassword, SecureString newSecurePassword, Boolean ignoreSniOpenTimeout, TimeoutTimer timeout, Boolean withFailover)
   at Microsoft.Data.SqlClient.SqlInternalConnectionTds.LoginNoFailover(ServerInfo serverInfo, String newPassword, SecureString newSecurePassword, Boolean redirectedUserInstance, SqlConnectionString connectionOptions, SqlCredential credential, TimeoutTimer timeout)
   at Microsoft.Data.SqlClient.SqlInternalConnectionTds.OpenLoginEnlist(TimeoutTimer timeout, SqlConnectionString connectionOptions, SqlCredential credential, String newPassword, SecureString newSecurePassword, Boolean redirectedUserInstance)
   at Microsoft.Data.SqlClient.SqlInternalConnectionTds..ctor(DbConnectionPoolIdentity identity, SqlConnectionString connectionOptions, SqlCredential credential, Object providerInfo, String newPassword, SecureString newSecurePassword, Boolean redirectedUserInstance, SqlConnectionString userConnectionOptions, SessionData reconnectSessionData, Boolean applyTransientFaultHandling, String accessToken, DbConnectionPool pool, SqlAuthenticationProviderManager sqlAuthProviderManager)
   at Microsoft.Data.SqlClient.SqlConnectionFactory.CreateConnection(DbConnectionOptions options, DbConnectionPoolKey poolKey, Object poolGroupProviderInfo, DbConnectionPool pool, DbConnection owningConnection, DbConnectionOptions userOptions)
   at Microsoft.Data.ProviderBase.DbConnectionFactory.CreatePooledConnection(DbConnectionPool pool, DbConnection owningObject, DbConnectionOptions options, DbConnectionPoolKey poolKey, DbConnectionOptions userOptions)
   at Microsoft.Data.ProviderBase.DbConnectionPool.CreateObject(DbConnection owningObject, DbConnectionOptions userOptions, DbConnectionInternal oldConnection)
   at Microsoft.Data.ProviderBase.DbConnectionPool.UserCreateRequest(DbConnection owningObject, DbConnectionOptions userOptions, DbConnectionInternal oldConnection)
   at Microsoft.Data.ProviderBase.DbConnectionPool.TryGetConnection(DbConnection owningObject, UInt32 waitForMultipleObjectsTimeout, Boolean allowCreate, Boolean onlyOneCheckConnection, DbConnectionOptions userOptions, DbConnectionInternal& connection)
   at Microsoft.Data.ProviderBase.DbConnectionPool.TryGetConnection(DbConnection owningObject, TaskCompletionSource`1 retry, DbConnectionOptions userOptions, DbConnectionInternal& connection)
   at Microsoft.Data.ProviderBase.DbConnectionFactory.TryGetConnection(DbConnection owningConnection, TaskCompletionSource`1 retry, DbConnectionOptions userOptions, DbConnectionInternal oldConnection, DbConnectionInternal& connection)
   at Microsoft.Data.ProviderBase.DbConnectionInternal.TryOpenConnectionInternal(DbConnection outerConnection, DbConnectionFactory connectionFactory, TaskCompletionSource`1 retry, DbConnectionOptions userOptions)
   at Microsoft.Data.ProviderBase.DbConnectionClosed.TryOpenConnection(DbConnection outerConnection, DbConnectionFactory connectionFactory, TaskCompletionSource`1 retry, DbConnectionOptions userOptions)
   at Microsoft.Data.SqlClient.SqlConnection.TryOpen(TaskCompletionSource`1 retry)
   at Microsoft.Data.SqlClient.SqlConnection.Open()
   at Microsoft.EntityFrameworkCore.Storage.RelationalConnection.OpenDbConnection(Boolean errorsExpected)
   at Microsoft.EntityFrameworkCore.Storage.RelationalConnection.Open(Boolean errorsExpected)
   at Microsoft.EntityFrameworkCore.SqlServer.Storage.Internal.SqlServerDatabaseCreator.<>c__DisplayClass18_0.<Exists>b__0(DateTime giveUp)
   at Microsoft.EntityFrameworkCore.ExecutionStrategyExtensions.<>c__DisplayClass12_0`2.<Execute>b__0(DbContext c, TState s)
   at Microsoft.EntityFrameworkCore.SqlServer.Storage.Internal.SqlServerExecutionStrategy.Execute[TState,TResult](TState state, Func`3 operation, Func`3 verifySucceeded)
   at Microsoft.EntityFrameworkCore.ExecutionStrategyExtensions.Execute[TState,TResult](IExecutionStrategy strategy, TState state, Func`2 operation, Func`2 verifySucceeded)
   at Microsoft.EntityFrameworkCore.ExecutionStrategyExtensions.Execute[TState,TResult](IExecutionStrategy strategy, TState state, Func`2 operation)
   at Microsoft.EntityFrameworkCore.SqlServer.Storage.Internal.SqlServerDatabaseCreator.Exists(Boolean retryOnNotExists)
   at Microsoft.EntityFrameworkCore.SqlServer.Storage.Internal.SqlServerDatabaseCreator.Exists()
   at Microsoft.EntityFrameworkCore.Storage.RelationalDatabaseCreator.EnsureDeleted()
   at Microsoft.EntityFrameworkCore.Infrastructure.DatabaseFacade.EnsureDeleted()
   at CityInfo.API.Program.Main(String[] args) in C:\YUHECHEN\AspNetCore\CityInfo\CityInfo.API\Program.cs:line 38
ClientConnectionId:00000000-0000-0000-0000-000000000000
Error Number:-1983577829,State:0,Class:20|url: |action: |
2022-02-05 20:08:52.1279|0|DEBUG|CityInfo.API.Program|init main |url: |action: |
2022-02-05 20:09:15.3545|0|INFO|Microsoft.Hosting.Lifetime|Application started. Press Ctrl+C to shut down. |url: |action: |
2022-02-05 20:09:15.3728|0|INFO|Microsoft.Hosting.Lifetime|Hosting environment: Development |url: |action: |
2022-02-05 20:09:15.3728|0|INFO|Microsoft.Hosting.Lifetime|Content root path: C:\YUHECHEN\AspNetCore\CityInfo\CityInfo.API |url: |action: |
2022-02-05 20:13:03.9925|0|DEBUG|CityInfo.API.Program|init main |url: |action: |
2022-02-05 20:13:22.6831|0|INFO|Microsoft.Hosting.Lifetime|Application started. Press Ctrl+C to shut down. |url: |action: |
2022-02-05 20:13:22.7065|0|INFO|Microsoft.Hosting.Lifetime|Hosting environment: Development |url: |action: |
2022-02-05 20:13:22.7065|0|INFO|Microsoft.Hosting.Lifetime|Content root path: C:\YUHECHEN\AspNetCore\CityInfo\CityInfo.API |url: |action: |
